This file contains any messages produced by compilers while
running configure, to aid debugging if configure makes a mistake.

It was created by FULL-PACKAGE-NAME configure VERSION, which was
generated by GNU Autoconf 2.69.  Invocation command line was

  $ ./configure --enable-shared --disable-static

## --------- ##
## Platform. ##
## --------- ##

hostname = localhost.localdomain
uname -m = x86_64
uname -r = 3.10.0-123.20.1.el7.x86_64
uname -s = Linux
uname -v = #1 SMP Thu Jan 29 18:05:33 UTC 2015

/usr/bin/uname -p = x86_64
/bin/uname -X     = unknown

/bin/arch              = x86_64
/usr/bin/arch -k       = unknown
/usr/convex/getsysinfo = unknown
/usr/bin/hostinfo      = unknown
/bin/machine           = unknown
/usr/bin/oslevel       = unknown
/bin/universe          = unknown

PATH: /home/sauli/bin
PATH: /usr/local/bin
PATH: /usr/lib64/qt-3.3/bin
PATH: /usr/local/bin
PATH: /usr/bin


## ----------- ##
## Core tests. ##
## ----------- ##

configure:2456: checking for a BSD-compatible install
configure:2524: result: /usr/bin/install -c
configure:2535: checking whether build environment is sane
configure:2590: result: yes
configure:2741: checking for a thread-safe mkdir -p
configure:2780: result: /usr/bin/mkdir -p
configure:2787: checking for gawk
configure:2803: found /usr/bin/gawk
configure:2814: result: gawk
configure:2825: checking whether make sets $(MAKE)
configure:2847: result: yes
configure:2876: checking whether make supports nested variables
configure:2893: result: yes
configure:3042: checking for g++
configure:3058: found /usr/bin/g++
configure:3069: result: g++
configure:3096: checking for C++ compiler version
configure:3105: g++ --version >&5
g++ (GCC) 4.8.5 20150623 (Red Hat 4.8.5-4)
Copyright (C) 2015 Free Software Foundation, Inc.
This is free software; see the source for copying conditions.  There is NO
warranty; not even for MERCHANTABILITY or FITNESS FOR A PARTICULAR PURPOSE.

configure:3116: $? = 0
configure:3105: g++ -v >&5
Using built-in specs.
COLLECT_GCC=g++
COLLECT_LTO_WRAPPER=/usr/libexec/gcc/x86_64-redhat-linux/4.8.5/lto-wrapper
Target: x86_64-redhat-linux
Configured with: ../configure --prefix=/usr --mandir=/usr/share/man --infodir=/usr/share/info --with-bugurl=http://bugzilla.redhat.com/bugzilla --enable-bootstrap --enable-shared --enable-threads=posix --enable-checking=release --with-system-zlib --enable-__cxa_atexit --disable-libunwind-exceptions --enable-gnu-unique-object --enable-linker-build-id --with-linker-hash-style=gnu --enable-languages=c,c++,objc,obj-c++,java,fortran,ada,go,lto --enable-plugin --enable-initfini-array --disable-libgcj --with-isl=/builddir/build/BUILD/gcc-4.8.5-20150702/obj-x86_64-redhat-linux/isl-install --with-cloog=/builddir/build/BUILD/gcc-4.8.5-20150702/obj-x86_64-redhat-linux/cloog-install --enable-gnu-indirect-function --with-tune=generic --with-arch_32=x86-64 --build=x86_64-redhat-linux
Thread model: posix
gcc version 4.8.5 20150623 (Red Hat 4.8.5-4) (GCC) 
configure:3116: $? = 0
configure:3105: g++ -V >&5
g++: error: unrecognized command line option '-V'
g++: fatal error: no input files
compilation terminated.
configure:3116: $? = 4
configure:3105: g++ -qversion >&5
g++: error: unrecognized command line option '-qversion'
g++: fatal error: no input files
compilation terminated.
configure:3116: $? = 4
configure:3136: checking whether the C++ compiler works
configure:3158: g++    conftest.cpp  >&5
configure:3162: $? = 0
configure:3210: result: yes
configure:3213: checking for C++ compiler default output file name
configure:3215: result: a.out
configure:3221: checking for suffix of executables
configure:3228: g++ -o conftest    conftest.cpp  >&5
configure:3232: $? = 0
configure:3254: result: 
configure:3276: checking whether we are cross compiling
configure:3284: g++ -o conftest    conftest.cpp  >&5
configure:3288: $? = 0
configure:3295: ./conftest
configure:3299: $? = 0
configure:3314: result: no
configure:3319: checking for suffix of object files
configure:3341: g++ -c   conftest.cpp >&5
configure:3345: $? = 0
configure:3366: result: o
configure:3370: checking whether we are using the GNU C++ compiler
configure:3389: g++ -c   conftest.cpp >&5
configure:3389: $? = 0
configure:3398: result: yes
configure:3407: checking whether g++ accepts -g
configure:3427: g++ -c -g  conftest.cpp >&5
configure:3427: $? = 0
configure:3468: result: yes
configure:3502: checking for style of include used by make
configure:3530: result: GNU
configure:3556: checking dependency style of g++
configure:3667: result: gcc3
configure:3686: checking for gawk
configure:3713: result: gawk
configure:3772: checking for gcc
configure:3788: found /usr/bin/gcc
configure:3799: result: gcc
configure:4028: checking for C compiler version
configure:4037: gcc --version >&5
gcc (GCC) 4.8.5 20150623 (Red Hat 4.8.5-4)
Copyright (C) 2015 Free Software Foundation, Inc.
This is free software; see the source for copying conditions.  There is NO
warranty; not even for MERCHANTABILITY or FITNESS FOR A PARTICULAR PURPOSE.

configure:4048: $? = 0
configure:4037: gcc -v >&5
Using built-in specs.
COLLECT_GCC=gcc
COLLECT_LTO_WRAPPER=/usr/libexec/gcc/x86_64-redhat-linux/4.8.5/lto-wrapper
Target: x86_64-redhat-linux
Configured with: ../configure --prefix=/usr --mandir=/usr/share/man --infodir=/usr/share/info --with-bugurl=http://bugzilla.redhat.com/bugzilla --enable-bootstrap --enable-shared --enable-threads=posix --enable-checking=release --with-system-zlib --enable-__cxa_atexit --disable-libunwind-exceptions --enable-gnu-unique-object --enable-linker-build-id --with-linker-hash-style=gnu --enable-languages=c,c++,objc,obj-c++,java,fortran,ada,go,lto --enable-plugin --enable-initfini-array --disable-libgcj --with-isl=/builddir/build/BUILD/gcc-4.8.5-20150702/obj-x86_64-redhat-linux/isl-install --with-cloog=/builddir/build/BUILD/gcc-4.8.5-20150702/obj-x86_64-redhat-linux/cloog-install --enable-gnu-indirect-function --with-tune=generic --with-arch_32=x86-64 --build=x86_64-redhat-linux
Thread model: posix
gcc version 4.8.5 20150623 (Red Hat 4.8.5-4) (GCC) 
configure:4048: $? = 0
configure:4037: gcc -V >&5
gcc: error: unrecognized command line option '-V'
gcc: fatal error: no input files
compilation terminated.
configure:4048: $? = 4
configure:4037: gcc -qversion >&5
gcc: error: unrecognized command line option '-qversion'
gcc: fatal error: no input files
compilation terminated.
configure:4048: $? = 4
configure:4052: checking whether we are using the GNU C compiler
configure:4071: gcc -c   conftest.c >&5
configure:4071: $? = 0
configure:4080: result: yes
configure:4089: checking whether gcc accepts -g
configure:4109: gcc -c -g  conftest.c >&5
configure:4109: $? = 0
configure:4150: result: yes
configure:4167: checking for gcc option to accept ISO C89
configure:4230: gcc  -c -g -O2  conftest.c >&5
configure:4230: $? = 0
configure:4243: result: none needed
configure:4265: checking dependency style of gcc
configure:4376: result: gcc3
configure:4396: checking how to run the C preprocessor
configure:4427: gcc -E  conftest.c
configure:4427: $? = 0
configure:4441: gcc -E  conftest.c
conftest.c:11:28: fatal error: ac_nonexistent.h: No such file or directory
 #include <ac_nonexistent.h>
                            ^
compilation terminated.
configure:4441: $? = 1
configure: failed program was:
| /* confdefs.h */
| #define PACKAGE_NAME "FULL-PACKAGE-NAME"
| #define PACKAGE_TARNAME "full-package-name"
| #define PACKAGE_VERSION "VERSION"
| #define PACKAGE_STRING "FULL-PACKAGE-NAME VERSION"
| #define PACKAGE_BUGREPORT "BUG-REPORT-ADDRESS"
| #define PACKAGE_URL ""
| #define PACKAGE "full-package-name"
| #define VERSION "VERSION"
| /* end confdefs.h.  */
| #include <ac_nonexistent.h>
configure:4466: result: gcc -E
configure:4486: gcc -E  conftest.c
configure:4486: $? = 0
configure:4500: gcc -E  conftest.c
conftest.c:11:28: fatal error: ac_nonexistent.h: No such file or directory
 #include <ac_nonexistent.h>
                            ^
compilation terminated.
configure:4500: $? = 1
configure: failed program was:
| /* confdefs.h */
| #define PACKAGE_NAME "FULL-PACKAGE-NAME"
| #define PACKAGE_TARNAME "full-package-name"
| #define PACKAGE_VERSION "VERSION"
| #define PACKAGE_STRING "FULL-PACKAGE-NAME VERSION"
| #define PACKAGE_BUGREPORT "BUG-REPORT-ADDRESS"
| #define PACKAGE_URL ""
| #define PACKAGE "full-package-name"
| #define VERSION "VERSION"
| /* end confdefs.h.  */
| #include <ac_nonexistent.h>
configure:4529: checking whether ln -s works
configure:4533: result: yes
configure:4540: checking whether make sets $(MAKE)
configure:4562: result: yes
configure:4614: checking for ranlib
configure:4630: found /usr/bin/ranlib
configure:4641: result: ranlib
configure:4692: checking build system type
configure:4706: result: x86_64-unknown-linux-gnu
configure:4726: checking host system type
configure:4739: result: x86_64-unknown-linux-gnu
configure:4780: checking how to print strings
configure:4807: result: printf
configure:4828: checking for a sed that does not truncate output
configure:4892: result: /usr/bin/sed
configure:4910: checking for grep that handles long lines and -e
configure:4968: result: /usr/bin/grep
configure:4973: checking for egrep
configure:5035: result: /usr/bin/grep -E
configure:5040: checking for fgrep
configure:5102: result: /usr/bin/grep -F
configure:5137: checking for ld used by gcc
configure:5204: result: /usr/bin/ld
configure:5211: checking if the linker (/usr/bin/ld) is GNU ld
configure:5226: result: yes
configure:5238: checking for BSD- or MS-compatible name lister (nm)
configure:5287: result: /usr/bin/nm -B
configure:5417: checking the name lister (/usr/bin/nm -B) interface
configure:5424: g++ -c -g -O2  conftest.cpp >&5
configure:5427: /usr/bin/nm -B "conftest.o"
configure:5430: output
0000000000000000 B some_variable
configure:5437: result: BSD nm
configure:5441: checking the maximum length of command line arguments
configure:5571: result: 1572864
configure:5588: checking whether the shell understands some XSI constructs
configure:5598: result: yes
configure:5602: checking whether the shell understands "+="
configure:5608: result: yes
configure:5643: checking how to convert x86_64-unknown-linux-gnu file names to x86_64-unknown-linux-gnu format
configure:5683: result: func_convert_file_noop
configure:5690: checking how to convert x86_64-unknown-linux-gnu file names to toolchain format
configure:5710: result: func_convert_file_noop
configure:5717: checking for /usr/bin/ld option to reload object files
configure:5724: result: -r
configure:5798: checking for objdump
configure:5814: found /usr/bin/objdump
configure:5825: result: objdump
configure:5857: checking how to recognize dependent libraries
configure:6059: result: pass_all
configure:6144: checking for dlltool
configure:6174: result: no
configure:6204: checking how to associate runtime and link libraries
configure:6231: result: printf %s\n
configure:6292: checking for ar
configure:6308: found /usr/bin/ar
configure:6319: result: ar
configure:6356: checking for archiver @FILE support
configure:6373: g++ -c -g -O2  conftest.cpp >&5
configure:6373: $? = 0
configure:6376: ar cru libconftest.a @conftest.lst >&5
configure:6379: $? = 0
configure:6384: ar cru libconftest.a @conftest.lst >&5
ar: conftest.o: No such file or directory
configure:6387: $? = 1
configure:6399: result: @
configure:6457: checking for strip
configure:6473: found /usr/bin/strip
configure:6484: result: strip
configure:6556: checking for ranlib
configure:6583: result: ranlib
configure:6685: checking command to parse /usr/bin/nm -B output from gcc object
configure:6805: g++ -c -g -O2  conftest.cpp >&5
configure:6808: $? = 0
configure:6812: /usr/bin/nm -B conftest.o \| sed -n -e 's/^.*[ ]\([ABCDGIRSTW][ABCDGIRSTW]*\)[ ][ ]*\([_A-Za-z][_A-Za-z0-9]*\)$/\1 \2 \2/p' | sed '/ __gnu_lto/d' \> conftest.nm
configure:6815: $? = 0
configure:6881: g++ -o conftest -g -O2   conftest.cpp conftstm.o >&5
configure:6884: $? = 0
configure:6922: result: ok
configure:6959: checking for sysroot
configure:6989: result: no
configure:7067: g++ -c -g -O2  conftest.cpp >&5
configure:7070: $? = 0
configure:7246: checking for mt
configure:7276: result: no
configure:7296: checking if : is a manifest tool
configure:7302: : '-?'
configure:7310: result: no
configure:7948: checking for ANSI C header files
configure:7968: g++ -c -g -O2  conftest.cpp >&5
configure:7968: $? = 0
./configure: line 7982: conftest.cpp: command not found
configure:8052: result: no
configure:8065: checking for sys/types.h
configure:8065: g++ -c -g -O2  conftest.cpp >&5
configure:8065: $? = 0
configure:8065: result: yes
configure:8065: checking for sys/stat.h
configure:8065: g++ -c -g -O2  conftest.cpp >&5
configure:8065: $? = 0
configure:8065: result: yes
configure:8065: checking for stdlib.h
configure:8065: g++ -c -g -O2  conftest.cpp >&5
configure:8065: $? = 0
configure:8065: result: yes
configure:8065: checking for string.h
configure:8065: g++ -c -g -O2  conftest.cpp >&5
configure:8065: $? = 0
configure:8065: result: yes
configure:8065: checking for memory.h
configure:8065: g++ -c -g -O2  conftest.cpp >&5
configure:8065: $? = 0
configure:8065: result: yes
configure:8065: checking for strings.h
configure:8065: g++ -c -g -O2  conftest.cpp >&5
configure:8065: $? = 0
configure:8065: result: yes
configure:8065: checking for inttypes.h
configure:8065: g++ -c -g -O2  conftest.cpp >&5
configure:8065: $? = 0
configure:8065: result: yes
configure:8065: checking for stdint.h
configure:8065: g++ -c -g -O2  conftest.cpp >&5
configure:8065: $? = 0
configure:8065: result: yes
configure:8065: checking for unistd.h
configure:8065: g++ -c -g -O2  conftest.cpp >&5
configure:8065: $? = 0
configure:8065: result: yes
configure:8079: checking for dlfcn.h
configure:8079: g++ -c -g -O2  conftest.cpp >&5
configure:8079: $? = 0
configure:8079: result: yes
configure:8295: checking for objdir
configure:8310: result: .libs
configure:8577: checking if gcc supports -fno-rtti -fno-exceptions
configure:8595: gcc -c -g -O2  -fno-rtti -fno-exceptions conftest.c >&5
cc1: warning: command line option '-fno-rtti' is valid for C++/ObjC++ but not for C [enabled by default]
configure:8599: $? = 0
configure:8612: result: no
configure:8939: checking for gcc option to produce PIC
configure:8946: result: -fPIC -DPIC
configure:8954: checking if gcc PIC flag -fPIC -DPIC works
configure:8972: gcc -c -g -O2  -fPIC -DPIC -DPIC conftest.c >&5
configure:8976: $? = 0
configure:8989: result: yes
configure:9018: checking if gcc static flag -static works
configure:9046: result: no
configure:9061: checking if gcc supports -c -o file.o
configure:9082: gcc -c -g -O2  -o out/conftest2.o conftest.c >&5
configure:9086: $? = 0
configure:9108: result: yes
configure:9116: checking if gcc supports -c -o file.o
configure:9163: result: yes
configure:9196: checking whether the gcc linker (/usr/bin/ld -m elf_x86_64) supports shared libraries
configure:10349: result: yes
configure:10386: checking whether -lc should be explicitly linked in
configure:10394: gcc -c -g -O2  conftest.c >&5
configure:10397: $? = 0
configure:10412: gcc -shared  -fPIC -DPIC conftest.o  -v -Wl,-soname -Wl,conftest -o conftest 2\>\&1 \| /usr/bin/grep  -lc  \>/dev/null 2\>\&1
configure:10415: $? = 0
configure:10429: result: no
configure:10589: checking dynamic linker characteristics
configure:11100: gcc -o conftest -g -O2   -Wl,-rpath -Wl,/foo conftest.c  >&5
configure:11100: $? = 0
configure:11326: result: GNU/Linux ld.so
configure:11433: checking how to hardcode library paths into programs
configure:11458: result: immediate
configure:11998: checking whether stripping libraries is possible
configure:12003: result: yes
configure:12038: checking if libtool supports shared libraries
configure:12040: result: yes
configure:12043: checking whether to build shared libraries
configure:12064: result: yes
configure:12067: checking whether to build static libraries
configure:12071: result: no
configure:12094: checking how to run the C++ preprocessor
configure:12121: g++ -E  conftest.cpp
configure:12121: $? = 0
configure:12135: g++ -E  conftest.cpp
conftest.cpp:22:28: fatal error: ac_nonexistent.h: No such file or directory
 #include <ac_nonexistent.h>
                            ^
compilation terminated.
configure:12135: $? = 1
configure: failed program was:
| /* confdefs.h */
| #define PACKAGE_NAME "FULL-PACKAGE-NAME"
| #define PACKAGE_TARNAME "full-package-name"
| #define PACKAGE_VERSION "VERSION"
| #define PACKAGE_STRING "FULL-PACKAGE-NAME VERSION"
| #define PACKAGE_BUGREPORT "BUG-REPORT-ADDRESS"
| #define PACKAGE_URL ""
| #define PACKAGE "full-package-name"
| #define VERSION "VERSION"
| #define HAVE_SYS_TYPES_H 1
| #define HAVE_SYS_STAT_H 1
| #define HAVE_STDLIB_H 1
| #define HAVE_STRING_H 1
| #define HAVE_MEMORY_H 1
| #define HAVE_STRINGS_H 1
| #define HAVE_INTTYPES_H 1
| #define HAVE_STDINT_H 1
| #define HAVE_UNISTD_H 1
| #define HAVE_DLFCN_H 1
| #define LT_OBJDIR ".libs/"
| /* end confdefs.h.  */
| #include <ac_nonexistent.h>
configure:12160: result: g++ -E
configure:12180: g++ -E  conftest.cpp
configure:12180: $? = 0
configure:12194: g++ -E  conftest.cpp
conftest.cpp:22:28: fatal error: ac_nonexistent.h: No such file or directory
 #include <ac_nonexistent.h>
                            ^
compilation terminated.
configure:12194: $? = 1
configure: failed program was:
| /* confdefs.h */
| #define PACKAGE_NAME "FULL-PACKAGE-NAME"
| #define PACKAGE_TARNAME "full-package-name"
| #define PACKAGE_VERSION "VERSION"
| #define PACKAGE_STRING "FULL-PACKAGE-NAME VERSION"
| #define PACKAGE_BUGREPORT "BUG-REPORT-ADDRESS"
| #define PACKAGE_URL ""
| #define PACKAGE "full-package-name"
| #define VERSION "VERSION"
| #define HAVE_SYS_TYPES_H 1
| #define HAVE_SYS_STAT_H 1
| #define HAVE_STDLIB_H 1
| #define HAVE_STRING_H 1
| #define HAVE_MEMORY_H 1
| #define HAVE_STRINGS_H 1
| #define HAVE_INTTYPES_H 1
| #define HAVE_STDINT_H 1
| #define HAVE_UNISTD_H 1
| #define HAVE_DLFCN_H 1
| #define LT_OBJDIR ".libs/"
| /* end confdefs.h.  */
| #include <ac_nonexistent.h>
configure:12363: checking for ld used by g++
configure:12430: result: /usr/bin/ld -m elf_x86_64
configure:12437: checking if the linker (/usr/bin/ld -m elf_x86_64) is GNU ld
configure:12452: result: yes
configure:12507: checking whether the g++ linker (/usr/bin/ld -m elf_x86_64) supports shared libraries
configure:13512: result: yes
configure:13548: g++ -c -g -O2  conftest.cpp >&5
configure:13551: $? = 0
configure:14071: checking for g++ option to produce PIC
configure:14078: result: -fPIC -DPIC
configure:14086: checking if g++ PIC flag -fPIC -DPIC works
configure:14104: g++ -c -g -O2  -fPIC -DPIC -DPIC conftest.cpp >&5
configure:14108: $? = 0
configure:14121: result: yes
configure:14144: checking if g++ static flag -static works
configure:14172: result: no
configure:14184: checking if g++ supports -c -o file.o
configure:14205: g++ -c -g -O2  -o out/conftest2.o conftest.cpp >&5
configure:14209: $? = 0
configure:14231: result: yes
configure:14236: checking if g++ supports -c -o file.o
configure:14283: result: yes
configure:14313: checking whether the g++ linker (/usr/bin/ld -m elf_x86_64) supports shared libraries
configure:14349: result: yes
configure:14490: checking dynamic linker characteristics
configure:15161: result: GNU/Linux ld.so
configure:15214: checking how to hardcode library paths into programs
configure:15239: result: immediate
configure:15311: checking sys/time.h usability
configure:15311: g++ -c -Wall -g3   -O0 -I/usr/local/apr/include  -I/usr/local/log4cxx/include -L/usr/local/apr/lib -llog4cxx -lsctp   conftest.cpp >&5
configure:15311: $? = 0
configure:15311: result: yes
configure:15311: checking sys/time.h presence
configure:15311: g++ -E  conftest.cpp
configure:15311: $? = 0
configure:15311: result: yes
configure:15311: checking for sys/time.h
configure:15311: result: yes
configure:15311: checking for unistd.h
configure:15311: result: yes
configure:15326: checking for gettimeofday
configure:15326: g++ -o conftest -Wall -g3   -O0 -I/usr/local/apr/include  -I/usr/local/log4cxx/include -L/usr/local/apr/lib -llog4cxx -lsctp    conftest.cpp  >&5
configure:15326: $? = 0
configure:15326: result: yes
configure:15447: checking that generated files are newer than configure
configure:15453: result: done
configure:15480: creating ./config.status

## ---------------------- ##
## Running config.status. ##
## ---------------------- ##

This file was extended by FULL-PACKAGE-NAME config.status VERSION, which was
generated by GNU Autoconf 2.69.  Invocation command line was

  CONFIG_FILES    = 
  CONFIG_HEADERS  = 
  CONFIG_LINKS    = 
  CONFIG_COMMANDS = 
  $ ./config.status 

on localhost.localdomain

config.status:1148: creating Makefile
config.status:1148: creating sdk/Makefile
config.status:1148: creating Gate/Makefile
config.status:1148: creating test/Makefile
config.status:1148: creating config.h
config.status:1329: config.h is unchanged
config.status:1377: executing depfiles commands
config.status:1377: executing libtool commands

## ---------------- ##
## Cache variables. ##
## ---------------- ##

ac_cv_build=x86_64-unknown-linux-gnu
ac_cv_c_compiler_gnu=yes
ac_cv_cxx_compiler_gnu=yes
ac_cv_env_CCC_set=
ac_cv_env_CCC_value=
ac_cv_env_CC_set=
ac_cv_env_CC_value=
ac_cv_env_CFLAGS_set=
ac_cv_env_CFLAGS_value=
ac_cv_env_CPPFLAGS_set=
ac_cv_env_CPPFLAGS_value=
ac_cv_env_CPP_set=
ac_cv_env_CPP_value=
ac_cv_env_CXXCPP_set=
ac_cv_env_CXXCPP_value=
ac_cv_env_CXXFLAGS_set=
ac_cv_env_CXXFLAGS_value=
ac_cv_env_CXX_set=
ac_cv_env_CXX_value=
ac_cv_env_LDFLAGS_set=
ac_cv_env_LDFLAGS_value=
ac_cv_env_LIBS_set=
ac_cv_env_LIBS_value=
ac_cv_env_build_alias_set=
ac_cv_env_build_alias_value=
ac_cv_env_host_alias_set=
ac_cv_env_host_alias_value=
ac_cv_env_target_alias_set=
ac_cv_env_target_alias_value=
ac_cv_func_gettimeofday=yes
ac_cv_header_dlfcn_h=yes
ac_cv_header_inttypes_h=yes
ac_cv_header_memory_h=yes
ac_cv_header_stdc=no
ac_cv_header_stdint_h=yes
ac_cv_header_stdlib_h=yes
ac_cv_header_string_h=yes
ac_cv_header_strings_h=yes
ac_cv_header_sys_stat_h=yes
ac_cv_header_sys_time_h=yes
ac_cv_header_sys_types_h=yes
ac_cv_header_unistd_h=yes
ac_cv_host=x86_64-unknown-linux-gnu
ac_cv_objext=o
ac_cv_path_EGREP='/usr/bin/grep -E'
ac_cv_path_FGREP='/usr/bin/grep -F'
ac_cv_path_GREP=/usr/bin/grep
ac_cv_path_SED=/usr/bin/sed
ac_cv_path_install='/usr/bin/install -c'
ac_cv_path_mkdir=/usr/bin/mkdir
ac_cv_prog_AWK=gawk
ac_cv_prog_CPP='gcc -E'
ac_cv_prog_CXXCPP='g++ -E'
ac_cv_prog_ac_ct_AR=ar
ac_cv_prog_ac_ct_CC=gcc
ac_cv_prog_ac_ct_CXX=g++
ac_cv_prog_ac_ct_OBJDUMP=objdump
ac_cv_prog_ac_ct_RANLIB=ranlib
ac_cv_prog_ac_ct_STRIP=strip
ac_cv_prog_cc_c89=
ac_cv_prog_cc_g=yes
ac_cv_prog_cxx_g=yes
ac_cv_prog_make_make_set=yes
am_cv_CC_dependencies_compiler_type=gcc3
am_cv_CXX_dependencies_compiler_type=gcc3
am_cv_make_support_nested_variables=yes
lt_cv_ar_at_file=@
lt_cv_archive_cmds_need_lc=no
lt_cv_deplibs_check_method=pass_all
lt_cv_file_magic_cmd='$MAGIC_CMD'
lt_cv_file_magic_test_file=
lt_cv_ld_reload_flag=-r
lt_cv_nm_interface='BSD nm'
lt_cv_objdir=.libs
lt_cv_path_LD=/usr/bin/ld
lt_cv_path_LDCXX='/usr/bin/ld -m elf_x86_64'
lt_cv_path_NM='/usr/bin/nm -B'
lt_cv_path_mainfest_tool=no
lt_cv_prog_compiler_c_o=yes
lt_cv_prog_compiler_c_o_CXX=yes
lt_cv_prog_compiler_pic='-fPIC -DPIC'
lt_cv_prog_compiler_pic_CXX='-fPIC -DPIC'
lt_cv_prog_compiler_pic_works=yes
lt_cv_prog_compiler_pic_works_CXX=yes
lt_cv_prog_compiler_rtti_exceptions=no
lt_cv_prog_compiler_static_works=no
lt_cv_prog_compiler_static_works_CXX=no
lt_cv_prog_gnu_ld=yes
lt_cv_prog_gnu_ldcxx=yes
lt_cv_sharedlib_from_linklib_cmd='printf %s\n'
lt_cv_shlibpath_overrides_runpath=no
lt_cv_sys_global_symbol_pipe='sed -n -e '\''s/^.*[	 ]\([ABCDGIRSTW][ABCDGIRSTW]*\)[	 ][	 ]*\([_A-Za-z][_A-Za-z0-9]*\)$/\1 \2 \2/p'\'' | sed '\''/ __gnu_lto/d'\'''
lt_cv_sys_global_symbol_to_c_name_address='sed -n -e '\''s/^: \([^ ]*\)[ ]*$/  {\"\1\", (void *) 0},/p'\'' -e '\''s/^[ABCDGIRSTW]* \([^ ]*\) \([^ ]*\)$/  {"\2", (void *) \&\2},/p'\'''
lt_cv_sys_global_symbol_to_c_name_address_lib_prefix='sed -n -e '\''s/^: \([^ ]*\)[ ]*$/  {\"\1\", (void *) 0},/p'\'' -e '\''s/^[ABCDGIRSTW]* \([^ ]*\) \(lib[^ ]*\)$/  {"\2", (void *) \&\2},/p'\'' -e '\''s/^[ABCDGIRSTW]* \([^ ]*\) \([^ ]*\)$/  {"lib\2", (void *) \&\2},/p'\'''
lt_cv_sys_global_symbol_to_cdecl='sed -n -e '\''s/^T .* \(.*\)$/extern int \1();/p'\'' -e '\''s/^[ABCDGIRSTW]* .* \(.*\)$/extern char \1;/p'\'''
lt_cv_sys_max_cmd_len=1572864
lt_cv_to_host_file_cmd=func_convert_file_noop
lt_cv_to_tool_file_cmd=func_convert_file_noop

## ----------------- ##
## Output variables. ##
## ----------------- ##

ACLOCAL='${SHELL} /home/sauli/github/server/missing aclocal-1.13'
AMDEPBACKSLASH='\'
AMDEP_FALSE='#'
AMDEP_TRUE=''
AMTAR='$${TAR-tar}'
AM_BACKSLASH='\'
AM_DEFAULT_V='$(AM_DEFAULT_VERBOSITY)'
AM_DEFAULT_VERBOSITY='1'
AM_V='$(V)'
AR='ar'
AUTOCONF='${SHELL} /home/sauli/github/server/missing autoconf'
AUTOHEADER='${SHELL} /home/sauli/github/server/missing autoheader'
AUTOMAKE='${SHELL} /home/sauli/github/server/missing automake-1.13'
AWK='gawk'
CC='gcc'
CCDEPMODE='depmode=gcc3'
CFLAGS='-g -O2'
CPP='gcc -E'
CPPFLAGS=''
CXX='g++'
CXXCPP='g++ -E'
CXXDEPMODE='depmode=gcc3'
CXXFLAGS='-Wall -g3   -O0 -I/usr/local/apr/include  -I/usr/local/log4cxx/include -L/usr/local/apr/lib -llog4cxx -lsctp '
CYGPATH_W='echo'
DEFS='-DHAVE_CONFIG_H'
DEPDIR='.deps'
DLLTOOL='false'
DSYMUTIL=''
DUMPBIN=''
ECHO_C=''
ECHO_N='-n'
ECHO_T=''
EGREP='/usr/bin/grep -E'
EXEEXT=''
FGREP='/usr/bin/grep -F'
GREP='/usr/bin/grep'
INSTALL_DATA='${INSTALL} -m 644'
INSTALL_PROGRAM='${INSTALL}'
INSTALL_SCRIPT='${INSTALL}'
INSTALL_STRIP_PROGRAM='$(install_sh) -c -s'
LD='/usr/bin/ld -m elf_x86_64'
LDFLAGS=''
LIBOBJS=''
LIBS=''
LIBTOOL='$(SHELL) $(top_builddir)/libtool'
LIPO=''
LN_S='ln -s'
LTLIBOBJS=''
MAKEINFO='${SHELL} /home/sauli/github/server/missing makeinfo'
MANIFEST_TOOL=':'
MKDIR_P='/usr/bin/mkdir -p'
NM='/usr/bin/nm -B'
NMEDIT=''
OBJDUMP='objdump'
OBJEXT='o'
OTOOL64=''
OTOOL=''
PACKAGE='full-package-name'
PACKAGE_BUGREPORT='BUG-REPORT-ADDRESS'
PACKAGE_NAME='FULL-PACKAGE-NAME'
PACKAGE_STRING='FULL-PACKAGE-NAME VERSION'
PACKAGE_TARNAME='full-package-name'
PACKAGE_URL=''
PACKAGE_VERSION='VERSION'
PATH_SEPARATOR=':'
RANLIB='ranlib'
SED='/usr/bin/sed'
SET_MAKE=''
SHELL='/bin/sh'
STRIP='strip'
VERSION='VERSION'
ac_ct_AR='ar'
ac_ct_CC='gcc'
ac_ct_CXX='g++'
ac_ct_DUMPBIN=''
am__EXEEXT_FALSE=''
am__EXEEXT_TRUE='#'
am__fastdepCC_FALSE='#'
am__fastdepCC_TRUE=''
am__fastdepCXX_FALSE='#'
am__fastdepCXX_TRUE=''
am__include='include'
am__isrc=''
am__leading_dot='.'
am__nodep='_no'
am__quote=''
am__tar='$${TAR-tar} chof - "$$tardir"'
am__untar='$${TAR-tar} xf -'
bindir='${exec_prefix}/bin'
build='x86_64-unknown-linux-gnu'
build_alias=''
build_cpu='x86_64'
build_os='linux-gnu'
build_vendor='unknown'
datadir='${datarootdir}'
datarootdir='${prefix}/share'
docdir='${datarootdir}/doc/${PACKAGE_TARNAME}'
dvidir='${docdir}'
exec_prefix='${prefix}'
host='x86_64-unknown-linux-gnu'
host_alias=''
host_cpu='x86_64'
host_os='linux-gnu'
host_vendor='unknown'
htmldir='${docdir}'
includedir='${prefix}/include'
infodir='${datarootdir}/info'
install_sh='${SHELL} /home/sauli/github/server/install-sh'
libdir='${exec_prefix}/lib'
libexecdir='${exec_prefix}/libexec'
localedir='${datarootdir}/locale'
localstatedir='${prefix}/var'
mandir='${datarootdir}/man'
mkdir_p='$(MKDIR_P)'
oldincludedir='/usr/include'
pdfdir='${docdir}'
prefix='/usr/local'
program_transform_name='s,x,x,'
psdir='${docdir}'
sbindir='${exec_prefix}/sbin'
sharedstatedir='${prefix}/com'
sysconfdir='${prefix}/etc'
target_alias=''

## ----------- ##
## confdefs.h. ##
## ----------- ##

/* confdefs.h */
#define PACKAGE_NAME "FULL-PACKAGE-NAME"
#define PACKAGE_TARNAME "full-package-name"
#define PACKAGE_VERSION "VERSION"
#define PACKAGE_STRING "FULL-PACKAGE-NAME VERSION"
#define PACKAGE_BUGREPORT "BUG-REPORT-ADDRESS"
#define PACKAGE_URL ""
#define PACKAGE "full-package-name"
#define VERSION "VERSION"
#define HAVE_SYS_TYPES_H 1
#define HAVE_SYS_STAT_H 1
#define HAVE_STDLIB_H 1
#define HAVE_STRING_H 1
#define HAVE_MEMORY_H 1
#define HAVE_STRINGS_H 1
#define HAVE_INTTYPES_H 1
#define HAVE_STDINT_H 1
#define HAVE_UNISTD_H 1
#define HAVE_DLFCN_H 1
#define LT_OBJDIR ".libs/"
#define HAVE_SYS_TIME_H 1
#define HAVE_UNISTD_H 1
#define HAVE_GETTIMEOFDAY 1

configure: exit 0

## ---------------------- ##
## Running config.status. ##
## ---------------------- ##

This file was extended by FULL-PACKAGE-NAME config.status VERSION, which was
generated by GNU Autoconf 2.69.  Invocation command line was

  CONFIG_FILES    = 
  CONFIG_HEADERS  = 
  CONFIG_LINKS    = 
  CONFIG_COMMANDS = 
  $ ./config.status config.h

on localhost.localdomain

config.status:1148: creating config.h
config.status:1329: config.h is unchanged
